2025-12-31 16:35:00.445  INFO 27180 --- [restartedMain] com.link.arknights.ArKnightsApplication  : Starting ArKnightsApplication using Java 1.8.0_381 on XTW-20231030CIS with PID 27180 (D:\workplace\Link_Base\Arknights\target\classes started by Administrator in D:\workplace\Link_Base)
2025-12-31 16:35:00.447  INFO 27180 --- [restartedMain] com.link.arknights.ArKnightsApplication  : No active profile set, falling back to 1 default profile: "default"
2025-12-31 16:35:00.540  INFO 27180 --- [restartedMain] .e.DevToolsPropertyDefaultsPostProcessor : Devtools property defaults active! Set 'spring.devtools.add-properties' to 'false' to disable
2025-12-31 16:35:00.541  INFO 27180 --- [restartedMain] .e.DevToolsPropertyDefaultsPostProcessor : For additional web related logging consider setting the 'logging.level.web' property to 'DEBUG'
2025-12-31 16:35:01.942  INFO 27180 --- [restartedMain] .s.d.r.c.RepositoryConfigurationDelegate : Multiple Spring Data modules found, entering strict repository configuration mode
2025-12-31 16:35:01.946  INFO 27180 --- [restartedMain] .s.d.r.c.RepositoryConfigurationDelegate : Bootstrapping Spring Data Redis repositories in DEFAULT mode.
2025-12-31 16:35:02.020  INFO 27180 --- [restartedMain] .s.d.r.c.RepositoryConfigurationDelegate : Finished Spring Data repository scanning in 46 ms. Found 0 Redis repository interfaces.
2025-12-31 16:35:03.108  INFO 27180 --- [restartedMain] o.s.b.w.embedded.tomcat.TomcatWebServer  : Tomcat initialized with port(s): 8096 (http)
2025-12-31 16:35:03.128  INFO 27180 --- [restartedMain] o.apache.catalina.core.StandardService   : Starting service [Tomcat]
2025-12-31 16:35:03.129  INFO 27180 --- [restartedMain] org.apache.catalina.core.StandardEngine  : Starting Servlet engine: [Apache Tomcat/9.0.83]
2025-12-31 16:35:03.558  INFO 27180 --- [restartedMain] org.apache.jasper.servlet.TldScanner     : At least one JAR was scanned for TLDs yet contained no TLDs. Enable debug logging for this logger for a complete list of JARs that were scanned but no TLDs were found in them. Skipping unneeded JARs during scanning can improve startup time and JSP compilation time.
2025-12-31 16:35:03.566  INFO 27180 --- [restartedMain] o.a.c.c.C.[Tomcat].[localhost].[/]       : Initializing Spring embedded WebApplicationContext
2025-12-31 16:35:03.566  INFO 27180 --- [restartedMain] w.s.c.ServletWebServerApplicationContext : Root WebApplicationContext: initialization completed in 3025 ms
2025-12-31 16:35:03.772  INFO 27180 --- [restartedMain] c.a.d.s.b.a.DruidDataSourceAutoConfigure : Init DruidDataSource
2025-12-31 16:35:03.905  INFO 27180 --- [restartedMain] com.alibaba.druid.pool.DruidDataSource   : {dataSource-1} inited
2025-12-31 16:35:05.381  INFO 27180 --- [restartedMain] o.s.b.a.w.s.WelcomePageHandlerMapping    : Adding welcome page: class path resource [META-INF/resources/index.html]
2025-12-31 16:35:05.717  INFO 27180 --- [restartedMain] o.s.b.d.a.OptionalLiveReloadServer       : LiveReload server is running on port 35729
2025-12-31 16:35:05.789  INFO 27180 --- [restartedMain] o.s.b.w.embedded.tomcat.TomcatWebServer  : Tomcat started on port(s): 8096 (http) with context path ''
2025-12-31 16:35:05.800  INFO 27180 --- [restartedMain] com.link.arknights.ArKnightsApplication  : Started ArKnightsApplication in 6.461 seconds (JVM running for 8.554)
2025-12-31 16:35:05.817  INFO 27180 --- [restartedMain] com.link.arknights.ArKnightsApplication  : 
----------------------------------------------------------
	Application '明日方舟抽卡信息存储服务' is running! Access URLs:
	主页: 	http://192.168.0.4:8096/index.html
	----------------------------------------------------------
2025-12-31 16:35:06.359  INFO 27180 --- [http-nio-8096-exec-1] o.a.c.c.C.[Tomcat].[localhost].[/]       : Initializing Spring DispatcherServlet 'dispatcherServlet'
2025-12-31 16:35:06.359  INFO 27180 --- [http-nio-8096-exec-1] o.s.web.servlet.DispatcherServlet        : Initializing Servlet 'dispatcherServlet'
2025-12-31 16:35:06.361  INFO 27180 --- [http-nio-8096-exec-1] o.s.web.servlet.DispatcherServlet        : Completed initialization in 2 ms
2025-12-31 16:35:08.067 ERROR 27180 --- [Druid-ConnectionPool-Create-327069620] com.alibaba.druid.pool.DruidDataSource   : create connection SQLException, url: jdbc:mysql://127.0.0.1:3309/arknights?useUnicode=true&characterEncoding=UTF-8&serverTimezone=UTC, errorCode 1049, state 42000

java.sql.SQLSyntaxErrorException: Unknown database 'arknights'
	at com.mysql.cj.jdbc.exceptions.SQLError.createSQLException(SQLError.java:121)
	at com.mysql.cj.jdbc.exceptions.SQLExceptionsMapping.translateException(SQLExceptionsMapping.java:122)
	at com.mysql.cj.jdbc.ConnectionImpl.createNewIO(ConnectionImpl.java:825)
	at com.mysql.cj.jdbc.ConnectionImpl.<init>(ConnectionImpl.java:446)
	at com.mysql.cj.jdbc.ConnectionImpl.getInstance(ConnectionImpl.java:239)
	at com.mysql.cj.jdbc.NonRegisteringDriver.connect(NonRegisteringDriver.java:188)
	at com.alibaba.druid.pool.DruidAbstractDataSource.createPhysicalConnection(DruidAbstractDataSource.java:1691)
	at com.alibaba.druid.pool.DruidAbstractDataSource.createPhysicalConnection(DruidAbstractDataSource.java:1789)
	at com.alibaba.druid.pool.DruidDataSource$CreateConnectionThread.run(DruidDataSource.java:2942)

2025-12-31 16:35:08.083 ERROR 27180 --- [Druid-ConnectionPool-Create-327069620] com.alibaba.druid.pool.DruidDataSource   : create connection SQLException, url: jdbc:mysql://127.0.0.1:3309/arknights?useUnicode=true&characterEncoding=UTF-8&serverTimezone=UTC, errorCode 1049, state 42000

java.sql.SQLSyntaxErrorException: Unknown database 'arknights'
	at com.mysql.cj.jdbc.exceptions.SQLError.createSQLException(SQLError.java:121)
	at com.mysql.cj.jdbc.exceptions.SQLExceptionsMapping.translateException(SQLExceptionsMapping.java:122)
	at com.mysql.cj.jdbc.ConnectionImpl.createNewIO(ConnectionImpl.java:825)
	at com.mysql.cj.jdbc.ConnectionImpl.<init>(ConnectionImpl.java:446)
	at com.mysql.cj.jdbc.ConnectionImpl.getInstance(ConnectionImpl.java:239)
	at com.mysql.cj.jdbc.NonRegisteringDriver.connect(NonRegisteringDriver.java:188)
	at com.alibaba.druid.pool.DruidAbstractDataSource.createPhysicalConnection(DruidAbstractDataSource.java:1691)
	at com.alibaba.druid.pool.DruidAbstractDataSource.createPhysicalConnection(DruidAbstractDataSource.java:1789)
	at com.alibaba.druid.pool.DruidDataSource$CreateConnectionThread.run(DruidDataSource.java:2942)

2025-12-31 16:35:08.084  INFO 27180 --- [Druid-ConnectionPool-Create-327069620] c.a.druid.pool.DruidAbstractDataSource   : {dataSource-1} failContinuous is true
2025-12-31 16:35:08.612 ERROR 27180 --- [Druid-ConnectionPool-Create-327069620] com.alibaba.druid.pool.DruidDataSource   : create connection SQLException, url: jdbc:mysql://127.0.0.1:3309/arknights?useUnicode=true&characterEncoding=UTF-8&serverTimezone=UTC, errorCode 1049, state 42000

java.sql.SQLSyntaxErrorException: Unknown database 'arknights'
	at com.mysql.cj.jdbc.exceptions.SQLError.createSQLException(SQLError.java:121)
	at com.mysql.cj.jdbc.exceptions.SQLExceptionsMapping.translateException(SQLExceptionsMapping.java:122)
	at com.mysql.cj.jdbc.ConnectionImpl.createNewIO(ConnectionImpl.java:825)
	at com.mysql.cj.jdbc.ConnectionImpl.<init>(ConnectionImpl.java:446)
	at com.mysql.cj.jdbc.ConnectionImpl.getInstance(ConnectionImpl.java:239)
	at com.mysql.cj.jdbc.NonRegisteringDriver.connect(NonRegisteringDriver.java:188)
	at com.alibaba.druid.pool.DruidAbstractDataSource.createPhysicalConnection(DruidAbstractDataSource.java:1691)
	at com.alibaba.druid.pool.DruidAbstractDataSource.createPhysicalConnection(DruidAbstractDataSource.java:1789)
	at com.alibaba.druid.pool.DruidDataSource$CreateConnectionThread.run(DruidDataSource.java:2942)

2025-12-31 16:35:09.135 ERROR 27180 --- [Druid-ConnectionPool-Create-327069620] com.alibaba.druid.pool.DruidDataSource   : create connection SQLException, url: jdbc:mysql://127.0.0.1:3309/arknights?useUnicode=true&characterEncoding=UTF-8&serverTimezone=UTC, errorCode 1049, state 42000

java.sql.SQLSyntaxErrorException: Unknown database 'arknights'
	at com.mysql.cj.jdbc.exceptions.SQLError.createSQLException(SQLError.java:121)
	at com.mysql.cj.jdbc.exceptions.SQLExceptionsMapping.translateException(SQLExceptionsMapping.java:122)
	at com.mysql.cj.jdbc.ConnectionImpl.createNewIO(ConnectionImpl.java:825)
	at com.mysql.cj.jdbc.ConnectionImpl.<init>(ConnectionImpl.java:446)
	at com.mysql.cj.jdbc.ConnectionImpl.getInstance(ConnectionImpl.java:239)
	at com.mysql.cj.jdbc.NonRegisteringDriver.connect(NonRegisteringDriver.java:188)
	at com.alibaba.druid.pool.DruidAbstractDataSource.createPhysicalConnection(DruidAbstractDataSource.java:1691)
	at com.alibaba.druid.pool.DruidAbstractDataSource.createPhysicalConnection(DruidAbstractDataSource.java:1789)
	at com.alibaba.druid.pool.DruidDataSource$CreateConnectionThread.run(DruidDataSource.java:2942)

2025-12-31 16:35:09.674 ERROR 27180 --- [Druid-ConnectionPool-Create-327069620] com.alibaba.druid.pool.DruidDataSource   : create connection SQLException, url: jdbc:mysql://127.0.0.1:3309/arknights?useUnicode=true&characterEncoding=UTF-8&serverTimezone=UTC, errorCode 1049, state 42000

java.sql.SQLSyntaxErrorException: Unknown database 'arknights'
	at com.mysql.cj.jdbc.exceptions.SQLError.createSQLException(SQLError.java:121)
	at com.mysql.cj.jdbc.exceptions.SQLExceptionsMapping.translateException(SQLExceptionsMapping.java:122)
	at com.mysql.cj.jdbc.ConnectionImpl.createNewIO(ConnectionImpl.java:825)
	at com.mysql.cj.jdbc.ConnectionImpl.<init>(ConnectionImpl.java:446)
	at com.mysql.cj.jdbc.ConnectionImpl.getInstance(ConnectionImpl.java:239)
	at com.mysql.cj.jdbc.NonRegisteringDriver.connect(NonRegisteringDriver.java:188)
	at com.alibaba.druid.pool.DruidAbstractDataSource.createPhysicalConnection(DruidAbstractDataSource.java:1691)
	at com.alibaba.druid.pool.DruidAbstractDataSource.createPhysicalConnection(DruidAbstractDataSource.java:1789)
	at com.alibaba.druid.pool.DruidDataSource$CreateConnectionThread.run(DruidDataSource.java:2942)

2025-12-31 16:35:10.196 ERROR 27180 --- [Druid-ConnectionPool-Create-327069620] com.alibaba.druid.pool.DruidDataSource   : create connection SQLException, url: jdbc:mysql://127.0.0.1:3309/arknights?useUnicode=true&characterEncoding=UTF-8&serverTimezone=UTC, errorCode 1049, state 42000

java.sql.SQLSyntaxErrorException: Unknown database 'arknights'
	at com.mysql.cj.jdbc.exceptions.SQLError.createSQLException(SQLError.java:121)
	at com.mysql.cj.jdbc.exceptions.SQLExceptionsMapping.translateException(SQLExceptionsMapping.java:122)
	at com.mysql.cj.jdbc.ConnectionImpl.createNewIO(ConnectionImpl.java:825)
	at com.mysql.cj.jdbc.ConnectionImpl.<init>(ConnectionImpl.java:446)
	at com.mysql.cj.jdbc.ConnectionImpl.getInstance(ConnectionImpl.java:239)
	at com.mysql.cj.jdbc.NonRegisteringDriver.connect(NonRegisteringDriver.java:188)
	at com.alibaba.druid.pool.DruidAbstractDataSource.createPhysicalConnection(DruidAbstractDataSource.java:1691)
	at com.alibaba.druid.pool.DruidAbstractDataSource.createPhysicalConnection(DruidAbstractDataSource.java:1789)
	at com.alibaba.druid.pool.DruidDataSource$CreateConnectionThread.run(DruidDataSource.java:2942)

2025-12-31 16:35:10.716 ERROR 27180 --- [Druid-ConnectionPool-Create-327069620] com.alibaba.druid.pool.DruidDataSource   : create connection SQLException, url: jdbc:mysql://127.0.0.1:3309/arknights?useUnicode=true&characterEncoding=UTF-8&serverTimezone=UTC, errorCode 1049, state 42000

java.sql.SQLSyntaxErrorException: Unknown database 'arknights'
	at com.mysql.cj.jdbc.exceptions.SQLError.createSQLException(SQLError.java:121)
	at com.mysql.cj.jdbc.exceptions.SQLExceptionsMapping.translateException(SQLExceptionsMapping.java:122)
	at com.mysql.cj.jdbc.ConnectionImpl.createNewIO(ConnectionImpl.java:825)
	at com.mysql.cj.jdbc.ConnectionImpl.<init>(ConnectionImpl.java:446)
	at com.mysql.cj.jdbc.ConnectionImpl.getInstance(ConnectionImpl.java:239)
	at com.mysql.cj.jdbc.NonRegisteringDriver.connect(NonRegisteringDriver.java:188)
	at com.alibaba.druid.pool.DruidAbstractDataSource.createPhysicalConnection(DruidAbstractDataSource.java:1691)
	at com.alibaba.druid.pool.DruidAbstractDataSource.createPhysicalConnection(DruidAbstractDataSource.java:1789)
	at com.alibaba.druid.pool.DruidDataSource$CreateConnectionThread.run(DruidDataSource.java:2942)

2025-12-31 16:35:11.252 ERROR 27180 --- [Druid-ConnectionPool-Create-327069620] com.alibaba.druid.pool.DruidDataSource   : create connection SQLException, url: jdbc:mysql://127.0.0.1:3309/arknights?useUnicode=true&characterEncoding=UTF-8&serverTimezone=UTC, errorCode 1049, state 42000

java.sql.SQLSyntaxErrorException: Unknown database 'arknights'
	at com.mysql.cj.jdbc.exceptions.SQLError.createSQLException(SQLError.java:121)
	at com.mysql.cj.jdbc.exceptions.SQLExceptionsMapping.translateException(SQLExceptionsMapping.java:122)
	at com.mysql.cj.jdbc.ConnectionImpl.createNewIO(ConnectionImpl.java:825)
	at com.mysql.cj.jdbc.ConnectionImpl.<init>(ConnectionImpl.java:446)
	at com.mysql.cj.jdbc.ConnectionImpl.getInstance(ConnectionImpl.java:239)
	at com.mysql.cj.jdbc.NonRegisteringDriver.connect(NonRegisteringDriver.java:188)
	at com.alibaba.druid.pool.DruidAbstractDataSource.createPhysicalConnection(DruidAbstractDataSource.java:1691)
	at com.alibaba.druid.pool.DruidAbstractDataSource.createPhysicalConnection(DruidAbstractDataSource.java:1789)
	at com.alibaba.druid.pool.DruidDataSource$CreateConnectionThread.run(DruidDataSource.java:2942)

2025-12-31 16:35:11.775 ERROR 27180 --- [Druid-ConnectionPool-Create-327069620] com.alibaba.druid.pool.DruidDataSource   : create connection SQLException, url: jdbc:mysql://127.0.0.1:3309/arknights?useUnicode=true&characterEncoding=UTF-8&serverTimezone=UTC, errorCode 1049, state 42000

java.sql.SQLSyntaxErrorException: Unknown database 'arknights'
	at com.mysql.cj.jdbc.exceptions.SQLError.createSQLException(SQLError.java:121)
	at com.mysql.cj.jdbc.exceptions.SQLExceptionsMapping.translateException(SQLExceptionsMapping.java:122)
	at com.mysql.cj.jdbc.ConnectionImpl.createNewIO(ConnectionImpl.java:825)
	at com.mysql.cj.jdbc.ConnectionImpl.<init>(ConnectionImpl.java:446)
	at com.mysql.cj.jdbc.ConnectionImpl.getInstance(ConnectionImpl.java:239)
	at com.mysql.cj.jdbc.NonRegisteringDriver.connect(NonRegisteringDriver.java:188)
	at com.alibaba.druid.pool.DruidAbstractDataSource.createPhysicalConnection(DruidAbstractDataSource.java:1691)
	at com.alibaba.druid.pool.DruidAbstractDataSource.createPhysicalConnection(DruidAbstractDataSource.java:1789)
	at com.alibaba.druid.pool.DruidDataSource$CreateConnectionThread.run(DruidDataSource.java:2942)

2025-12-31 16:35:12.290 ERROR 27180 --- [Druid-ConnectionPool-Create-327069620] com.alibaba.druid.pool.DruidDataSource   : create connection SQLException, url: jdbc:mysql://127.0.0.1:3309/arknights?useUnicode=true&characterEncoding=UTF-8&serverTimezone=UTC, errorCode 1049, state 42000

java.sql.SQLSyntaxErrorException: Unknown database 'arknights'
	at com.mysql.cj.jdbc.exceptions.SQLError.createSQLException(SQLError.java:121)
	at com.mysql.cj.jdbc.exceptions.SQLExceptionsMapping.translateException(SQLExceptionsMapping.java:122)
	at com.mysql.cj.jdbc.ConnectionImpl.createNewIO(ConnectionImpl.java:825)
	at com.mysql.cj.jdbc.ConnectionImpl.<init>(ConnectionImpl.java:446)
	at com.mysql.cj.jdbc.ConnectionImpl.getInstance(ConnectionImpl.java:239)
	at com.mysql.cj.jdbc.NonRegisteringDriver.connect(NonRegisteringDriver.java:188)
	at com.alibaba.druid.pool.DruidAbstractDataSource.createPhysicalConnection(DruidAbstractDataSource.java:1691)
	at com.alibaba.druid.pool.DruidAbstractDataSource.createPhysicalConnection(DruidAbstractDataSource.java:1789)
	at com.alibaba.druid.pool.DruidDataSource$CreateConnectionThread.run(DruidDataSource.java:2942)

2025-12-31 16:35:12.834 ERROR 27180 --- [Druid-ConnectionPool-Create-327069620] com.alibaba.druid.pool.DruidDataSource   : create connection SQLException, url: jdbc:mysql://127.0.0.1:3309/arknights?useUnicode=true&characterEncoding=UTF-8&serverTimezone=UTC, errorCode 1049, state 42000

java.sql.SQLSyntaxErrorException: Unknown database 'arknights'
	at com.mysql.cj.jdbc.exceptions.SQLError.createSQLException(SQLError.java:121)
	at com.mysql.cj.jdbc.exceptions.SQLExceptionsMapping.translateException(SQLExceptionsMapping.java:122)
	at com.mysql.cj.jdbc.ConnectionImpl.createNewIO(ConnectionImpl.java:825)
	at com.mysql.cj.jdbc.ConnectionImpl.<init>(ConnectionImpl.java:446)
	at com.mysql.cj.jdbc.ConnectionImpl.getInstance(ConnectionImpl.java:239)
	at com.mysql.cj.jdbc.NonRegisteringDriver.connect(NonRegisteringDriver.java:188)
	at com.alibaba.druid.pool.DruidAbstractDataSource.createPhysicalConnection(DruidAbstractDataSource.java:1691)
	at com.alibaba.druid.pool.DruidAbstractDataSource.createPhysicalConnection(DruidAbstractDataSource.java:1789)
	at com.alibaba.druid.pool.DruidDataSource$CreateConnectionThread.run(DruidDataSource.java:2942)

2025-12-31 16:44:14.899  INFO 2200 --- [restartedMain] com.link.arknights.ArKnightsApplication  : Starting ArKnightsApplication using Java 1.8.0_381 on XTW-20231030CIS with PID 2200 (D:\workplace\Link_Base\Arknights\target\classes started by Administrator in D:\workplace\Link_Base)
2025-12-31 16:44:14.901  INFO 2200 --- [restartedMain] com.link.arknights.ArKnightsApplication  : No active profile set, falling back to 1 default profile: "default"
2025-12-31 16:44:14.954  INFO 2200 --- [restartedMain] .e.DevToolsPropertyDefaultsPostProcessor : Devtools property defaults active! Set 'spring.devtools.add-properties' to 'false' to disable
2025-12-31 16:44:14.954  INFO 2200 --- [restartedMain] .e.DevToolsPropertyDefaultsPostProcessor : For additional web related logging consider setting the 'logging.level.web' property to 'DEBUG'
2025-12-31 16:44:15.806  INFO 2200 --- [restartedMain] .s.d.r.c.RepositoryConfigurationDelegate : Multiple Spring Data modules found, entering strict repository configuration mode
2025-12-31 16:44:15.808  INFO 2200 --- [restartedMain] .s.d.r.c.RepositoryConfigurationDelegate : Bootstrapping Spring Data Redis repositories in DEFAULT mode.
2025-12-31 16:44:15.866  INFO 2200 --- [restartedMain] .s.d.r.c.RepositoryConfigurationDelegate : Finished Spring Data repository scanning in 34 ms. Found 0 Redis repository interfaces.
2025-12-31 16:44:16.553  INFO 2200 --- [restartedMain] o.s.b.w.embedded.tomcat.TomcatWebServer  : Tomcat initialized with port(s): 8096 (http)
2025-12-31 16:44:16.558  INFO 2200 --- [restartedMain] o.apache.catalina.core.StandardService   : Starting service [Tomcat]
2025-12-31 16:44:16.560  INFO 2200 --- [restartedMain] org.apache.catalina.core.StandardEngine  : Starting Servlet engine: [Apache Tomcat/9.0.83]
2025-12-31 16:44:16.767  INFO 2200 --- [restartedMain] org.apache.jasper.servlet.TldScanner     : At least one JAR was scanned for TLDs yet contained no TLDs. Enable debug logging for this logger for a complete list of JARs that were scanned but no TLDs were found in them. Skipping unneeded JARs during scanning can improve startup time and JSP compilation time.
2025-12-31 16:44:16.772  INFO 2200 --- [restartedMain] o.a.c.c.C.[Tomcat].[localhost].[/]       : Initializing Spring embedded WebApplicationContext
2025-12-31 16:44:16.772  INFO 2200 --- [restartedMain] w.s.c.ServletWebServerApplicationContext : Root WebApplicationContext: initialization completed in 1818 ms
2025-12-31 16:44:16.925  INFO 2200 --- [restartedMain] c.a.d.s.b.a.DruidDataSourceAutoConfigure : Init DruidDataSource
2025-12-31 16:44:17.020  INFO 2200 --- [restartedMain] com.alibaba.druid.pool.DruidDataSource   : {dataSource-1} inited
2025-12-31 16:44:18.679  INFO 2200 --- [restartedMain] o.s.b.a.w.s.WelcomePageHandlerMapping    : Adding welcome page: class path resource [META-INF/resources/index.html]
2025-12-31 16:44:18.977  INFO 2200 --- [restartedMain] o.s.b.d.a.OptionalLiveReloadServer       : LiveReload server is running on port 35729
2025-12-31 16:44:19.024  INFO 2200 --- [restartedMain] o.s.b.w.embedded.tomcat.TomcatWebServer  : Tomcat started on port(s): 8096 (http) with context path ''
2025-12-31 16:44:19.034  INFO 2200 --- [restartedMain] com.link.arknights.ArKnightsApplication  : Started ArKnightsApplication in 4.757 seconds (JVM running for 6.174)
2025-12-31 16:44:19.043  INFO 2200 --- [restartedMain] com.link.arknights.ArKnightsApplication  : 
----------------------------------------------------------
	Application '明日方舟抽卡信息存储服务' is running! Access URLs:
	主页: 	http://192.168.0.4:8096/index.html
	----------------------------------------------------------
2025-12-31 16:44:19.361  INFO 2200 --- [http-nio-8096-exec-1] o.a.c.c.C.[Tomcat].[localhost].[/]       : Initializing Spring DispatcherServlet 'dispatcherServlet'
2025-12-31 16:44:19.362  INFO 2200 --- [http-nio-8096-exec-1] o.s.web.servlet.DispatcherServlet        : Initializing Servlet 'dispatcherServlet'
2025-12-31 16:44:19.365  INFO 2200 --- [http-nio-8096-exec-1] o.s.web.servlet.DispatcherServlet        : Completed initialization in 3 ms
2025-12-31 16:44:20.516  INFO 2200 --- [http-nio-8096-exec-6] c.l.a.c.c.DataMessageController          : 查询柱状图用数据消耗时间:898 ms
2025-12-31 16:44:20.519  INFO 2200 --- [http-nio-8096-exec-4] c.l.a.c.c.DataMessageController          : 用户uid:86670999 查询获取抽卡信息 共消耗时间 881 ms
2025-12-31 16:44:28.215  INFO 2200 --- [SpringApplicationShutdownHook] com.alibaba.druid.pool.DruidDataSource   : {dataSource-1} closing ...
2025-12-31 16:44:28.220  INFO 2200 --- [SpringApplicationShutdownHook] com.alibaba.druid.pool.DruidDataSource   : {dataSource-1} closed
